<?xml version="1.0" encoding="UTF-8"?>
<!-- Generated by org.testng.reporters.JUnitReportReporter -->
<testsuite hostname="Zainab-PC" name="com.runner.NewToursRunner" tests="7" failures="0" timestamp="30 Mar 2020 16:05:37 GMT" time="50.817" errors="0">
  <testcase name="runScenario" time="7.202" classname="com.runner.NewToursRunner"/>
  <testcase name="runScenario" time="7.090" classname="com.runner.NewToursRunner"/>
  <testcase name="runScenario" time="6.776" classname="com.runner.NewToursRunner"/>
  <testcase name="runScenario" time="7.067" classname="com.runner.NewToursRunner"/>
  <testcase name="runScenario" time="6.705" classname="com.runner.NewToursRunner"/>
  <testcase name="runScenario" time="7.029" classname="com.runner.NewToursRunner"/>
  <testcase name="runScenario" time="8.948" classname="com.runner.NewToursRunner"/>
</testsuite> <!-- com.runner.NewToursRunner -->
